<?xml version="1.0" encoding="UTF-8"?>
<testsuite xmlns:xsi="http://www.w3.org/2001/XMLSchema-instance" xsi:noNamespaceSchemaLocation="https://maven.apache.org/surefire/maven-surefire-plugin/xsd/surefire-test-report.xsd" version="3.0.2" name="Golem.api.ApiApplicationTests" time="21.883" tests="1" errors="0" skipped="0" failures="0">
  <properties>
    <property name="java.specification.version" value="23"/>
    <property name="sun.jnu.encoding" value="ANSI_X3.4-1968"/>
    <property name="java.class.path" value="/workspaces/GolemDiscordbot/target/test-classes:/workspaces/GolemDiscordbot/target/classes:/workspaces/GolemDiscordbot/./.m2/com/mysql/mysql-connector-j/9.3.0/mysql-connector-j-9.3.0.jar:/workspaces/GolemDiscordbot/./.m2/org/springframework/boot/spring-boot-starter-data-jpa/3.4.5/spring-boot-starter-data-jpa-3.4.5.jar:/workspaces/GolemDiscordbot/./.m2/org/springframework/boot/spring-boot-starter/3.4.5/spring-boot-starter-3.4.5.jar:/workspaces/GolemDiscordbot/./.m2/org/springframework/boot/spring-boot-starter-logging/3.4.5/spring-boot-starter-logging-3.4.5.jar:/workspaces/GolemDiscordbot/./.m2/ch/qos/logback/logback-classic/1.5.18/logback-classic-1.5.18.jar:/workspaces/GolemDiscordbot/./.m2/ch/qos/logback/logback-core/1.5.18/logback-core-1.5.18.jar:/workspaces/GolemDiscordbot/./.m2/org/apache/logging/log4j/log4j-to-slf4j/2.24.3/log4j-to-slf4j-2.24.3.jar:/workspaces/GolemDiscordbot/./.m2/org/apache/logging/log4j/log4j-api/2.24.3/log4j-api-2.24.3.jar:/workspaces/GolemDiscordbot/./.m2/org/slf4j/jul-to-slf4j/2.0.17/jul-to-slf4j-2.0.17.jar:/workspaces/GolemDiscordbot/./.m2/jakarta/annotation/jakarta.annotation-api/2.1.1/jakarta.annotation-api-2.1.1.jar:/workspaces/GolemDiscordbot/./.m2/org/springframework/boot/spring-boot-starter-jdbc/3.4.5/spring-boot-starter-jdbc-3.4.5.jar:/workspaces/GolemDiscordbot/./.m2/com/zaxxer/HikariCP/5.1.0/HikariCP-5.1.0.jar:/workspaces/GolemDiscordbot/./.m2/org/springframework/spring-jdbc/6.2.6/spring-jdbc-6.2.6.jar:/workspaces/GolemDiscordbot/./.m2/org/hibernate/orm/hibernate-core/6.6.13.Final/hibernate-core-6.6.13.Final.jar:/workspaces/GolemDiscordbot/./.m2/jakarta/persistence/jakarta.persistence-api/3.1.0/jakarta.persistence-api-3.1.0.jar:/workspaces/GolemDiscordbot/./.m2/jakarta/transaction/jakarta.transaction-api/2.0.1/jakarta.transaction-api-2.0.1.jar:/workspaces/GolemDiscordbot/./.m2/org/jboss/logging/jboss-logging/3.6.1.Final/jboss-logging-3.6.1.Final.jar:/workspaces/GolemDiscordbot/./.m2/org/hibernate/common/hibernate-commons-annotations/7.0.3.Final/hibernate-commons-annotations-7.0.3.Final.jar:/workspaces/GolemDiscordbot/./.m2/io/smallrye/jandex/3.2.0/jandex-3.2.0.jar:/workspaces/GolemDiscordbot/./.m2/com/fasterxml/classmate/1.7.0/classmate-1.7.0.jar:/workspaces/GolemDiscordbot/./.m2/net/bytebuddy/byte-buddy/1.15.11/byte-buddy-1.15.11.jar:/workspaces/GolemDiscordbot/./.m2/org/glassfish/jaxb/jaxb-runtime/4.0.5/jaxb-runtime-4.0.5.jar:/workspaces/GolemDiscordbot/./.m2/org/glassfish/jaxb/jaxb-core/4.0.5/jaxb-core-4.0.5.jar:/workspaces/GolemDiscordbot/./.m2/org/eclipse/angus/angus-activation/2.0.2/angus-activation-2.0.2.jar:/workspaces/GolemDiscordbot/./.m2/org/glassfish/jaxb/txw2/4.0.5/txw2-4.0.5.jar:/workspaces/GolemDiscordbot/./.m2/com/sun/istack/istack-commons-runtime/4.1.2/istack-commons-runtime-4.1.2.jar:/workspaces/GolemDiscordbot/./.m2/jakarta/inject/jakarta.inject-api/2.0.1/jakarta.inject-api-2.0.1.jar:/workspaces/GolemDiscordbot/./.m2/org/antlr/antlr4-runtime/4.13.0/antlr4-runtime-4.13.0.jar:/workspaces/GolemDiscordbot/./.m2/org/springframework/data/spring-data-jpa/3.4.5/spring-data-jpa-3.4.5.jar:/workspaces/GolemDiscordbot/./.m2/org/springframework/data/spring-data-commons/3.4.5/spring-data-commons-3.4.5.jar:/workspaces/GolemDiscordbot/./.m2/org/springframework/spring-orm/6.2.6/spring-orm-6.2.6.jar:/workspaces/GolemDiscordbot/./.m2/org/springframework/spring-aop/6.2.6/spring-aop-6.2.6.jar:/workspaces/GolemDiscordbot/./.m2/org/springframework/spring-beans/6.2.6/spring-beans-6.2.6.jar:/workspaces/GolemDiscordbot/./.m2/org/slf4j/slf4j-api/2.0.17/slf4j-api-2.0.17.jar:/workspaces/GolemDiscordbot/./.m2/org/springframework/spring-aspects/6.2.6/spring-aspects-6.2.6.jar:/workspaces/GolemDiscordbot/./.m2/org/aspectj/aspectjweaver/1.9.24/aspectjweaver-1.9.24.jar:/workspaces/GolemDiscordbot/./.m2/org/springframework/boot/spring-boot-starter-validation/3.4.5/spring-boot-starter-validation-3.4.5.jar:/workspaces/GolemDiscordbot/./.m2/org/apache/tomcat/embed/tomcat-embed-el/10.1.40/tomcat-embed-el-10.1.40.jar:/workspaces/GolemDiscordbot/./.m2/org/hibernate/validator/hibernate-validator/8.0.2.Final/hibernate-validator-8.0.2.Final.jar:/workspaces/GolemDiscordbot/./.m2/jakarta/validation/jakarta.validation-api/3.0.2/jakarta.validation-api-3.0.2.jar:/workspaces/GolemDiscordbot/./.m2/org/springframework/boot/spring-boot-starter-web/3.4.5/spring-boot-starter-web-3.4.5.jar:/workspaces/GolemDiscordbot/./.m2/org/springframework/boot/spring-boot-starter-json/3.4.5/spring-boot-starter-json-3.4.5.jar:/workspaces/GolemDiscordbot/./.m2/com/fasterxml/jackson/core/jackson-databind/2.18.3/jackson-databind-2.18.3.jar:/workspaces/GolemDiscordbot/./.m2/com/fasterxml/jackson/core/jackson-annotations/2.18.3/jackson-annotations-2.18.3.jar:/workspaces/GolemDiscordbot/./.m2/com/fasterxml/jackson/core/jackson-core/2.18.3/jackson-core-2.18.3.jar:/workspaces/GolemDiscordbot/./.m2/com/fasterxml/jackson/datatype/jackson-datatype-jdk8/2.18.3/jackson-datatype-jdk8-2.18.3.jar:/workspaces/GolemDiscordbot/./.m2/com/fasterxml/jackson/datatype/jackson-datatype-jsr310/2.18.3/jackson-datatype-jsr310-2.18.3.jar:/workspaces/GolemDiscordbot/./.m2/com/fasterxml/jackson/module/jackson-module-parameter-names/2.18.3/jackson-module-parameter-names-2.18.3.jar:/workspaces/GolemDiscordbot/./.m2/org/springframework/boot/spring-boot-starter-tomcat/3.4.5/spring-boot-starter-tomcat-3.4.5.jar:/workspaces/GolemDiscordbot/./.m2/org/apache/tomcat/embed/tomcat-embed-core/10.1.40/tomcat-embed-core-10.1.40.jar:/workspaces/GolemDiscordbot/./.m2/org/apache/tomcat/embed/tomcat-embed-websocket/10.1.40/tomcat-embed-websocket-10.1.40.jar:/workspaces/GolemDiscordbot/./.m2/org/springframework/spring-web/6.2.6/spring-web-6.2.6.jar:/workspaces/GolemDiscordbot/./.m2/org/springframework/spring-webmvc/6.2.6/spring-webmvc-6.2.6.jar:/workspaces/GolemDiscordbot/./.m2/org/springframework/spring-expression/6.2.6/spring-expression-6.2.6.jar:/workspaces/GolemDiscordbot/./.m2/org/springframework/boot/spring-boot-devtools/3.4.5/spring-boot-devtools-3.4.5.jar:/workspaces/GolemDiscordbot/./.m2/org/springframework/boot/spring-boot/3.4.5/spring-boot-3.4.5.jar:/workspaces/GolemDiscordbot/./.m2/org/springframework/boot/spring-boot-autoconfigure/3.4.5/spring-boot-autoconfigure-3.4.5.jar:/workspaces/GolemDiscordbot/./.m2/org/projectlombok/lombok/1.18.38/lombok-1.18.38.jar:/workspaces/GolemDiscordbot/./.m2/org/springframework/boot/spring-boot-starter-test/3.4.5/spring-boot-starter-test-3.4.5.jar:/workspaces/GolemDiscordbot/./.m2/org/springframework/boot/spring-boot-test/3.4.5/spring-boot-test-3.4.5.jar:/workspaces/GolemDiscordbot/./.m2/org/springframework/boot/spring-boot-test-autoconfigure/3.4.5/spring-boot-test-autoconfigure-3.4.5.jar:/workspaces/GolemDiscordbot/./.m2/com/jayway/jsonpath/json-path/2.9.0/json-path-2.9.0.jar:/workspaces/GolemDiscordbot/./.m2/jakarta/xml/bind/jakarta.xml.bind-api/4.0.2/jakarta.xml.bind-api-4.0.2.jar:/workspaces/GolemDiscordbot/./.m2/jakarta/activation/jakarta.activation-api/2.1.3/jakarta.activation-api-2.1.3.jar:/workspaces/GolemDiscordbot/./.m2/net/minidev/json-smart/2.5.2/json-smart-2.5.2.jar:/workspaces/GolemDiscordbot/./.m2/net/minidev/accessors-smart/2.5.2/accessors-smart-2.5.2.jar:/workspaces/GolemDiscordbot/./.m2/org/ow2/asm/asm/9.7.1/asm-9.7.1.jar:/workspaces/GolemDiscordbot/./.m2/org/assertj/assertj-core/3.26.3/assertj-core-3.26.3.jar:/workspaces/GolemDiscordbot/./.m2/org/awaitility/awaitility/4.2.2/awaitility-4.2.2.jar:/workspaces/GolemDiscordbot/./.m2/org/hamcrest/hamcrest/2.2/hamcrest-2.2.jar:/workspaces/GolemDiscordbot/./.m2/org/junit/jupiter/junit-jupiter/5.11.4/junit-jupiter-5.11.4.jar:/workspaces/GolemDiscordbot/./.m2/org/junit/jupiter/junit-jupiter-api/5.11.4/junit-jupiter-api-5.11.4.jar:/workspaces/GolemDiscordbot/./.m2/org/opentest4j/opentest4j/1.3.0/opentest4j-1.3.0.jar:/workspaces/GolemDiscordbot/./.m2/org/junit/platform/junit-platform-commons/1.11.4/junit-platform-commons-1.11.4.jar:/workspaces/GolemDiscordbot/./.m2/org/apiguardian/apiguardian-api/1.1.2/apiguardian-api-1.1.2.jar:/workspaces/GolemDiscordbot/./.m2/org/junit/jupiter/junit-jupiter-params/5.11.4/junit-jupiter-params-5.11.4.jar:/workspaces/GolemDiscordbot/./.m2/org/junit/jupiter/junit-jupiter-engine/5.11.4/junit-jupiter-engine-5.11.4.jar:/workspaces/GolemDiscordbot/./.m2/org/junit/platform/junit-platform-engine/1.11.4/junit-platform-engine-1.11.4.jar:/workspaces/GolemDiscordbot/./.m2/org/mockito/mockito-core/5.14.2/mockito-core-5.14.2.jar:/workspaces/GolemDiscordbot/./.m2/net/bytebuddy/byte-buddy-agent/1.15.11/byte-buddy-agent-1.15.11.jar:/workspaces/GolemDiscordbot/./.m2/org/objenesis/objenesis/3.3/objenesis-3.3.jar:/workspaces/GolemDiscordbot/./.m2/org/mockito/mockito-junit-jupiter/5.14.2/mockito-junit-jupiter-5.14.2.jar:/workspaces/GolemDiscordbot/./.m2/org/skyscreamer/jsonassert/1.5.3/jsonassert-1.5.3.jar:/workspaces/GolemDiscordbot/./.m2/com/vaadin/external/google/android-json/0.0.20131108.vaadin1/android-json-0.0.20131108.vaadin1.jar:/workspaces/GolemDiscordbot/./.m2/org/springframework/spring-core/6.2.6/spring-core-6.2.6.jar:/workspaces/GolemDiscordbot/./.m2/org/springframework/spring-jcl/6.2.6/spring-jcl-6.2.6.jar:/workspaces/GolemDiscordbot/./.m2/org/springframework/spring-test/6.2.6/spring-test-6.2.6.jar:/workspaces/GolemDiscordbot/./.m2/org/xmlunit/xmlunit-core/2.10.0/xmlunit-core-2.10.0.jar:/workspaces/GolemDiscordbot/./.m2/org/liquibase/liquibase-core/4.29.2/liquibase-core-4.29.2.jar:/workspaces/GolemDiscordbot/./.m2/com/opencsv/opencsv/5.9/opencsv-5.9.jar:/workspaces/GolemDiscordbot/./.m2/org/yaml/snakeyaml/2.3/snakeyaml-2.3.jar:/workspaces/GolemDiscordbot/./.m2/javax/xml/bind/jaxb-api/2.3.1/jaxb-api-2.3.1.jar:/workspaces/GolemDiscordbot/./.m2/commons-io/commons-io/2.16.1/commons-io-2.16.1.jar:/workspaces/GolemDiscordbot/./.m2/org/apache/commons/commons-collections4/4.4/commons-collections4-4.4.jar:/workspaces/GolemDiscordbot/./.m2/org/apache/commons/commons-text/1.12.0/commons-text-1.12.0.jar:/workspaces/GolemDiscordbot/./.m2/org/apache/commons/commons-lang3/3.17.0/commons-lang3-3.17.0.jar:/workspaces/GolemDiscordbot/./.m2/net/datafaker/datafaker/2.4.2/datafaker-2.4.2.jar:/workspaces/GolemDiscordbot/./.m2/com/github/curious-odd-man/rgxgen/2.0/rgxgen-2.0.jar:/workspaces/GolemDiscordbot/./.m2/com/googlecode/libphonenumber/libphonenumber/8.13.50/libphonenumber-8.13.50.jar:/workspaces/GolemDiscordbot/./.m2/org/springframework/kafka/spring-kafka/3.3.5/spring-kafka-3.3.5.jar:/workspaces/GolemDiscordbot/./.m2/org/springframework/spring-context/6.2.6/spring-context-6.2.6.jar:/workspaces/GolemDiscordbot/./.m2/org/springframework/spring-messaging/6.2.6/spring-messaging-6.2.6.jar:/workspaces/GolemDiscordbot/./.m2/org/springframework/spring-tx/6.2.6/spring-tx-6.2.6.jar:/workspaces/GolemDiscordbot/./.m2/org/springframework/retry/spring-retry/2.0.11/spring-retry-2.0.11.jar:/workspaces/GolemDiscordbot/./.m2/org/apache/kafka/kafka-clients/3.8.1/kafka-clients-3.8.1.jar:/workspaces/GolemDiscordbot/./.m2/com/github/luben/zstd-jni/1.5.6-4/zstd-jni-1.5.6-4.jar:/workspaces/GolemDiscordbot/./.m2/org/lz4/lz4-java/1.8.0/lz4-java-1.8.0.jar:/workspaces/GolemDiscordbot/./.m2/org/xerial/snappy/snappy-java/1.1.10.5/snappy-java-1.1.10.5.jar:/workspaces/GolemDiscordbot/./.m2/io/micrometer/micrometer-observation/1.14.6/micrometer-observation-1.14.6.jar:/workspaces/GolemDiscordbot/./.m2/io/micrometer/micrometer-commons/1.14.6/micrometer-commons-1.14.6.jar:"/>
    <property name="java.vm.vendor" value="Oracle Corporation"/>
    <property name="sun.arch.data.model" value="64"/>
    <property name="java.vendor.url" value="https://java.oracle.com/"/>
    <property name="user.timezone" value="GMT"/>
    <property name="org.jboss.logging.provider" value="slf4j"/>
    <property name="os.name" value="Linux"/>
    <property name="java.vm.specification.version" value="23"/>
    <property name="APPLICATION_NAME" value="api"/>
    <property name="sun.java.launcher" value="SUN_STANDARD"/>
    <property name="user.country" value="US"/>
    <property name="sun.boot.library.path" value="/usr/local/jdk-23.0.1/lib"/>
    <property name="sun.java.command" value="/workspaces/GolemDiscordbot/target/surefire/surefirebooter-20250618145618242_3.jar /workspaces/GolemDiscordbot/target/surefire 2025-06-18T14-56-17_877-jvmRun1 surefire-20250618145618242_1tmp surefire_0-20250618145618242_2tmp"/>
    <property name="jdk.debug" value="release"/>
    <property name="surefire.test.class.path" value="/workspaces/GolemDiscordbot/target/test-classes:/workspaces/GolemDiscordbot/target/classes:/workspaces/GolemDiscordbot/./.m2/com/mysql/mysql-connector-j/9.3.0/mysql-connector-j-9.3.0.jar:/workspaces/GolemDiscordbot/./.m2/org/springframework/boot/spring-boot-starter-data-jpa/3.4.5/spring-boot-starter-data-jpa-3.4.5.jar:/workspaces/GolemDiscordbot/./.m2/org/springframework/boot/spring-boot-starter/3.4.5/spring-boot-starter-3.4.5.jar:/workspaces/GolemDiscordbot/./.m2/org/springframework/boot/spring-boot-starter-logging/3.4.5/spring-boot-starter-logging-3.4.5.jar:/workspaces/GolemDiscordbot/./.m2/ch/qos/logback/logback-classic/1.5.18/logback-classic-1.5.18.jar:/workspaces/GolemDiscordbot/./.m2/ch/qos/logback/logback-core/1.5.18/logback-core-1.5.18.jar:/workspaces/GolemDiscordbot/./.m2/org/apache/logging/log4j/log4j-to-slf4j/2.24.3/log4j-to-slf4j-2.24.3.jar:/workspaces/GolemDiscordbot/./.m2/org/apache/logging/log4j/log4j-api/2.24.3/log4j-api-2.24.3.jar:/workspaces/GolemDiscordbot/./.m2/org/slf4j/jul-to-slf4j/2.0.17/jul-to-slf4j-2.0.17.jar:/workspaces/GolemDiscordbot/./.m2/jakarta/annotation/jakarta.annotation-api/2.1.1/jakarta.annotation-api-2.1.1.jar:/workspaces/GolemDiscordbot/./.m2/org/springframework/boot/spring-boot-starter-jdbc/3.4.5/spring-boot-starter-jdbc-3.4.5.jar:/workspaces/GolemDiscordbot/./.m2/com/zaxxer/HikariCP/5.1.0/HikariCP-5.1.0.jar:/workspaces/GolemDiscordbot/./.m2/org/springframework/spring-jdbc/6.2.6/spring-jdbc-6.2.6.jar:/workspaces/GolemDiscordbot/./.m2/org/hibernate/orm/hibernate-core/6.6.13.Final/hibernate-core-6.6.13.Final.jar:/workspaces/GolemDiscordbot/./.m2/jakarta/persistence/jakarta.persistence-api/3.1.0/jakarta.persistence-api-3.1.0.jar:/workspaces/GolemDiscordbot/./.m2/jakarta/transaction/jakarta.transaction-api/2.0.1/jakarta.transaction-api-2.0.1.jar:/workspaces/GolemDiscordbot/./.m2/org/jboss/logging/jboss-logging/3.6.1.Final/jboss-logging-3.6.1.Final.jar:/workspaces/GolemDiscordbot/./.m2/org/hibernate/common/hibernate-commons-annotations/7.0.3.Final/hibernate-commons-annotations-7.0.3.Final.jar:/workspaces/GolemDiscordbot/./.m2/io/smallrye/jandex/3.2.0/jandex-3.2.0.jar:/workspaces/GolemDiscordbot/./.m2/com/fasterxml/classmate/1.7.0/classmate-1.7.0.jar:/workspaces/GolemDiscordbot/./.m2/net/bytebuddy/byte-buddy/1.15.11/byte-buddy-1.15.11.jar:/workspaces/GolemDiscordbot/./.m2/org/glassfish/jaxb/jaxb-runtime/4.0.5/jaxb-runtime-4.0.5.jar:/workspaces/GolemDiscordbot/./.m2/org/glassfish/jaxb/jaxb-core/4.0.5/jaxb-core-4.0.5.jar:/workspaces/GolemDiscordbot/./.m2/org/eclipse/angus/angus-activation/2.0.2/angus-activation-2.0.2.jar:/workspaces/GolemDiscordbot/./.m2/org/glassfish/jaxb/txw2/4.0.5/txw2-4.0.5.jar:/workspaces/GolemDiscordbot/./.m2/com/sun/istack/istack-commons-runtime/4.1.2/istack-commons-runtime-4.1.2.jar:/workspaces/GolemDiscordbot/./.m2/jakarta/inject/jakarta.inject-api/2.0.1/jakarta.inject-api-2.0.1.jar:/workspaces/GolemDiscordbot/./.m2/org/antlr/antlr4-runtime/4.13.0/antlr4-runtime-4.13.0.jar:/workspaces/GolemDiscordbot/./.m2/org/springframework/data/spring-data-jpa/3.4.5/spring-data-jpa-3.4.5.jar:/workspaces/GolemDiscordbot/./.m2/org/springframework/data/spring-data-commons/3.4.5/spring-data-commons-3.4.5.jar:/workspaces/GolemDiscordbot/./.m2/org/springframework/spring-orm/6.2.6/spring-orm-6.2.6.jar:/workspaces/GolemDiscordbot/./.m2/org/springframework/spring-aop/6.2.6/spring-aop-6.2.6.jar:/workspaces/GolemDiscordbot/./.m2/org/springframework/spring-beans/6.2.6/spring-beans-6.2.6.jar:/workspaces/GolemDiscordbot/./.m2/org/slf4j/slf4j-api/2.0.17/slf4j-api-2.0.17.jar:/workspaces/GolemDiscordbot/./.m2/org/springframework/spring-aspects/6.2.6/spring-aspects-6.2.6.jar:/workspaces/GolemDiscordbot/./.m2/org/aspectj/aspectjweaver/1.9.24/aspectjweaver-1.9.24.jar:/workspaces/GolemDiscordbot/./.m2/org/springframework/boot/spring-boot-starter-validation/3.4.5/spring-boot-starter-validation-3.4.5.jar:/workspaces/GolemDiscordbot/./.m2/org/apache/tomcat/embed/tomcat-embed-el/10.1.40/tomcat-embed-el-10.1.40.jar:/workspaces/GolemDiscordbot/./.m2/org/hibernate/validator/hibernate-validator/8.0.2.Final/hibernate-validator-8.0.2.Final.jar:/workspaces/GolemDiscordbot/./.m2/jakarta/validation/jakarta.validation-api/3.0.2/jakarta.validation-api-3.0.2.jar:/workspaces/GolemDiscordbot/./.m2/org/springframework/boot/spring-boot-starter-web/3.4.5/spring-boot-starter-web-3.4.5.jar:/workspaces/GolemDiscordbot/./.m2/org/springframework/boot/spring-boot-starter-json/3.4.5/spring-boot-starter-json-3.4.5.jar:/workspaces/GolemDiscordbot/./.m2/com/fasterxml/jackson/core/jackson-databind/2.18.3/jackson-databind-2.18.3.jar:/workspaces/GolemDiscordbot/./.m2/com/fasterxml/jackson/core/jackson-annotations/2.18.3/jackson-annotations-2.18.3.jar:/workspaces/GolemDiscordbot/./.m2/com/fasterxml/jackson/core/jackson-core/2.18.3/jackson-core-2.18.3.jar:/workspaces/GolemDiscordbot/./.m2/com/fasterxml/jackson/datatype/jackson-datatype-jdk8/2.18.3/jackson-datatype-jdk8-2.18.3.jar:/workspaces/GolemDiscordbot/./.m2/com/fasterxml/jackson/datatype/jackson-datatype-jsr310/2.18.3/jackson-datatype-jsr310-2.18.3.jar:/workspaces/GolemDiscordbot/./.m2/com/fasterxml/jackson/module/jackson-module-parameter-names/2.18.3/jackson-module-parameter-names-2.18.3.jar:/workspaces/GolemDiscordbot/./.m2/org/springframework/boot/spring-boot-starter-tomcat/3.4.5/spring-boot-starter-tomcat-3.4.5.jar:/workspaces/GolemDiscordbot/./.m2/org/apache/tomcat/embed/tomcat-embed-core/10.1.40/tomcat-embed-core-10.1.40.jar:/workspaces/GolemDiscordbot/./.m2/org/apache/tomcat/embed/tomcat-embed-websocket/10.1.40/tomcat-embed-websocket-10.1.40.jar:/workspaces/GolemDiscordbot/./.m2/org/springframework/spring-web/6.2.6/spring-web-6.2.6.jar:/workspaces/GolemDiscordbot/./.m2/org/springframework/spring-webmvc/6.2.6/spring-webmvc-6.2.6.jar:/workspaces/GolemDiscordbot/./.m2/org/springframework/spring-expression/6.2.6/spring-expression-6.2.6.jar:/workspaces/GolemDiscordbot/./.m2/org/springframework/boot/spring-boot-devtools/3.4.5/spring-boot-devtools-3.4.5.jar:/workspaces/GolemDiscordbot/./.m2/org/springframework/boot/spring-boot/3.4.5/spring-boot-3.4.5.jar:/workspaces/GolemDiscordbot/./.m2/org/springframework/boot/spring-boot-autoconfigure/3.4.5/spring-boot-autoconfigure-3.4.5.jar:/workspaces/GolemDiscordbot/./.m2/org/projectlombok/lombok/1.18.38/lombok-1.18.38.jar:/workspaces/GolemDiscordbot/./.m2/org/springframework/boot/spring-boot-starter-test/3.4.5/spring-boot-starter-test-3.4.5.jar:/workspaces/GolemDiscordbot/./.m2/org/springframework/boot/spring-boot-test/3.4.5/spring-boot-test-3.4.5.jar:/workspaces/GolemDiscordbot/./.m2/org/springframework/boot/spring-boot-test-autoconfigure/3.4.5/spring-boot-test-autoconfigure-3.4.5.jar:/workspaces/GolemDiscordbot/./.m2/com/jayway/jsonpath/json-path/2.9.0/json-path-2.9.0.jar:/workspaces/GolemDiscordbot/./.m2/jakarta/xml/bind/jakarta.xml.bind-api/4.0.2/jakarta.xml.bind-api-4.0.2.jar:/workspaces/GolemDiscordbot/./.m2/jakarta/activation/jakarta.activation-api/2.1.3/jakarta.activation-api-2.1.3.jar:/workspaces/GolemDiscordbot/./.m2/net/minidev/json-smart/2.5.2/json-smart-2.5.2.jar:/workspaces/GolemDiscordbot/./.m2/net/minidev/accessors-smart/2.5.2/accessors-smart-2.5.2.jar:/workspaces/GolemDiscordbot/./.m2/org/ow2/asm/asm/9.7.1/asm-9.7.1.jar:/workspaces/GolemDiscordbot/./.m2/org/assertj/assertj-core/3.26.3/assertj-core-3.26.3.jar:/workspaces/GolemDiscordbot/./.m2/org/awaitility/awaitility/4.2.2/awaitility-4.2.2.jar:/workspaces/GolemDiscordbot/./.m2/org/hamcrest/hamcrest/2.2/hamcrest-2.2.jar:/workspaces/GolemDiscordbot/./.m2/org/junit/jupiter/junit-jupiter/5.11.4/junit-jupiter-5.11.4.jar:/workspaces/GolemDiscordbot/./.m2/org/junit/jupiter/junit-jupiter-api/5.11.4/junit-jupiter-api-5.11.4.jar:/workspaces/GolemDiscordbot/./.m2/org/opentest4j/opentest4j/1.3.0/opentest4j-1.3.0.jar:/workspaces/GolemDiscordbot/./.m2/org/junit/platform/junit-platform-commons/1.11.4/junit-platform-commons-1.11.4.jar:/workspaces/GolemDiscordbot/./.m2/org/apiguardian/apiguardian-api/1.1.2/apiguardian-api-1.1.2.jar:/workspaces/GolemDiscordbot/./.m2/org/junit/jupiter/junit-jupiter-params/5.11.4/junit-jupiter-params-5.11.4.jar:/workspaces/GolemDiscordbot/./.m2/org/junit/jupiter/junit-jupiter-engine/5.11.4/junit-jupiter-engine-5.11.4.jar:/workspaces/GolemDiscordbot/./.m2/org/junit/platform/junit-platform-engine/1.11.4/junit-platform-engine-1.11.4.jar:/workspaces/GolemDiscordbot/./.m2/org/mockito/mockito-core/5.14.2/mockito-core-5.14.2.jar:/workspaces/GolemDiscordbot/./.m2/net/bytebuddy/byte-buddy-agent/1.15.11/byte-buddy-agent-1.15.11.jar:/workspaces/GolemDiscordbot/./.m2/org/objenesis/objenesis/3.3/objenesis-3.3.jar:/workspaces/GolemDiscordbot/./.m2/org/mockito/mockito-junit-jupiter/5.14.2/mockito-junit-jupiter-5.14.2.jar:/workspaces/GolemDiscordbot/./.m2/org/skyscreamer/jsonassert/1.5.3/jsonassert-1.5.3.jar:/workspaces/GolemDiscordbot/./.m2/com/vaadin/external/google/android-json/0.0.20131108.vaadin1/android-json-0.0.20131108.vaadin1.jar:/workspaces/GolemDiscordbot/./.m2/org/springframework/spring-core/6.2.6/spring-core-6.2.6.jar:/workspaces/GolemDiscordbot/./.m2/org/springframework/spring-jcl/6.2.6/spring-jcl-6.2.6.jar:/workspaces/GolemDiscordbot/./.m2/org/springframework/spring-test/6.2.6/spring-test-6.2.6.jar:/workspaces/GolemDiscordbot/./.m2/org/xmlunit/xmlunit-core/2.10.0/xmlunit-core-2.10.0.jar:/workspaces/GolemDiscordbot/./.m2/org/liquibase/liquibase-core/4.29.2/liquibase-core-4.29.2.jar:/workspaces/GolemDiscordbot/./.m2/com/opencsv/opencsv/5.9/opencsv-5.9.jar:/workspaces/GolemDiscordbot/./.m2/org/yaml/snakeyaml/2.3/snakeyaml-2.3.jar:/workspaces/GolemDiscordbot/./.m2/javax/xml/bind/jaxb-api/2.3.1/jaxb-api-2.3.1.jar:/workspaces/GolemDiscordbot/./.m2/commons-io/commons-io/2.16.1/commons-io-2.16.1.jar:/workspaces/GolemDiscordbot/./.m2/org/apache/commons/commons-collections4/4.4/commons-collections4-4.4.jar:/workspaces/GolemDiscordbot/./.m2/org/apache/commons/commons-text/1.12.0/commons-text-1.12.0.jar:/workspaces/GolemDiscordbot/./.m2/org/apache/commons/commons-lang3/3.17.0/commons-lang3-3.17.0.jar:/workspaces/GolemDiscordbot/./.m2/net/datafaker/datafaker/2.4.2/datafaker-2.4.2.jar:/workspaces/GolemDiscordbot/./.m2/com/github/curious-odd-man/rgxgen/2.0/rgxgen-2.0.jar:/workspaces/GolemDiscordbot/./.m2/com/googlecode/libphonenumber/libphonenumber/8.13.50/libphonenumber-8.13.50.jar:/workspaces/GolemDiscordbot/./.m2/org/springframework/kafka/spring-kafka/3.3.5/spring-kafka-3.3.5.jar:/workspaces/GolemDiscordbot/./.m2/org/springframework/spring-context/6.2.6/spring-context-6.2.6.jar:/workspaces/GolemDiscordbot/./.m2/org/springframework/spring-messaging/6.2.6/spring-messaging-6.2.6.jar:/workspaces/GolemDiscordbot/./.m2/org/springframework/spring-tx/6.2.6/spring-tx-6.2.6.jar:/workspaces/GolemDiscordbot/./.m2/org/springframework/retry/spring-retry/2.0.11/spring-retry-2.0.11.jar:/workspaces/GolemDiscordbot/./.m2/org/apache/kafka/kafka-clients/3.8.1/kafka-clients-3.8.1.jar:/workspaces/GolemDiscordbot/./.m2/com/github/luben/zstd-jni/1.5.6-4/zstd-jni-1.5.6-4.jar:/workspaces/GolemDiscordbot/./.m2/org/lz4/lz4-java/1.8.0/lz4-java-1.8.0.jar:/workspaces/GolemDiscordbot/./.m2/org/xerial/snappy/snappy-java/1.1.10.5/snappy-java-1.1.10.5.jar:/workspaces/GolemDiscordbot/./.m2/io/micrometer/micrometer-observation/1.14.6/micrometer-observation-1.14.6.jar:/workspaces/GolemDiscordbot/./.m2/io/micrometer/micrometer-commons/1.14.6/micrometer-commons-1.14.6.jar:"/>
    <property name="sun.cpu.endian" value="little"/>
    <property name="user.home" value="/home/app"/>
    <property name="user.language" value="en"/>
    <property name="java.specification.vendor" value="Oracle Corporation"/>
    <property name="java.version.date" value="2024-10-15"/>
    <property name="java.home" value="/usr/local/jdk-23.0.1"/>
    <property name="file.separator" value="/"/>
    <property name="basedir" value="/workspaces/GolemDiscordbot"/>
    <property name="java.vm.compressedOopsMode" value="32-bit"/>
    <property name="line.separator" value="&#10;"/>
    <property name="java.vm.specification.vendor" value="Oracle Corporation"/>
    <property name="java.specification.name" value="Java Platform API Specification"/>
    <property name="FILE_LOG_CHARSET" value="UTF-8"/>
    <property name="java.awt.headless" value="true"/>
    <property name="surefire.real.class.path" value="/workspaces/GolemDiscordbot/target/surefire/surefirebooter-20250618145618242_3.jar"/>
    <property name="sun.management.compiler" value="HotSpot 64-Bit Tiered Compilers"/>
    <property name="java.runtime.version" value="23.0.1+11-39"/>
    <property name="user.name" value="app"/>
    <property name="stdout.encoding" value="ANSI_X3.4-1968"/>
    <property name="path.separator" value=":"/>
    <property name="os.version" value="6.10.14-linuxkit"/>
    <property name="java.runtime.name" value="OpenJDK Runtime Environment"/>
    <property name="file.encoding" value="UTF-8"/>
    <property name="java.vm.name" value="OpenJDK 64-Bit Server VM"/>
    <property name="localRepository" value="/workspaces/GolemDiscordbot/./.m2"/>
    <property name="java.vendor.url.bug" value="https://bugreport.java.com/bugreport/"/>
    <property name="java.io.tmpdir" value="/tmp"/>
    <property name="com.zaxxer.hikari.pool_number" value="1"/>
    <property name="java.version" value="23.0.1"/>
    <property name="user.dir" value="/workspaces/GolemDiscordbot"/>
    <property name="os.arch" value="amd64"/>
    <property name="java.vm.specification.name" value="Java Virtual Machine Specification"/>
    <property name="PID" value="1815"/>
    <property name="CONSOLE_LOG_CHARSET" value="UTF-8"/>
    <property name="native.encoding" value="ANSI_X3.4-1968"/>
    <property name="java.library.path" value="/usr/java/packages/lib:/usr/lib64:/lib64:/lib:/usr/lib"/>
    <property name="java.vm.info" value="mixed mode, sharing"/>
    <property name="stderr.encoding" value="ANSI_X3.4-1968"/>
    <property name="java.vendor" value="Oracle Corporation"/>
    <property name="java.vm.version" value="23.0.1+11-39"/>
    <property name="sun.io.unicode.encoding" value="UnicodeLittle"/>
    <property name="java.class.version" value="67.0"/>
    <property name="LOGGED_APPLICATION_NAME" value="[api] "/>
  </properties>
  <testcase name="contextLoads" classname="Golem.api.ApiApplicationTests" time="2.103">
    <system-out><![CDATA[14:56:21.449 [main] INFO org.springframework.test.context.support.AnnotationConfigContextLoaderUtils -- Could not detect default configuration classes for test class [Golem.api.ApiApplicationTests]: ApiApplicationTests does not declare any static, non-private, non-final, nested classes annotated with @Configuration.
14:56:21.940 [main] INFO org.springframework.boot.test.context.SpringBootTestContextBootstrapper -- Found @SpringBootConfiguration Golem.api.ApiApplication for test class Golem.api.ApiApplicationTests
14:56:22.637 [main] INFO org.springframework.boot.devtools.restart.RestartApplicationListener -- Restart disabled due to context in which it is running

  .   ____          _            __ _ _
 /\\ / ___'_ __ _ _(_)_ __  __ _ \ \ \ \
( ( )\___ | '_ | '_| | '_ \/ _` | \ \ \ \
 \\/  ___)| |_)| | | | | || (_| |  ) ) ) )
  '  |____| .__|_| |_|_| |_\__, | / / / /
 =========|_|==============|___/=/_/_/_/

 :: Spring Boot ::                (v3.4.5)

2025-06-18T14:56:24.217Z  INFO 1815 --- [api] [           main] Golem.api.ApiApplicationTests            : Starting ApiApplicationTests using Java 23.0.1 with PID 1815 (started by app in /workspaces/GolemDiscordbot)
2025-06-18T14:56:24.221Z  INFO 1815 --- [api] [           main] Golem.api.ApiApplicationTests            : No active profile set, falling back to 1 default profile: "default"
2025-06-18T14:56:26.625Z  INFO 1815 --- [api] [           main] .s.d.r.c.RepositoryConfigurationDelegate : Bootstrapping Spring Data JPA repositories in DEFAULT mode.
2025-06-18T14:56:26.715Z  INFO 1815 --- [api] [           main] .s.d.r.c.RepositoryConfigurationDelegate : Finished Spring Data repository scanning in 39 ms. Found 0 JPA repository interfaces.
2025-06-18T14:56:28.302Z  INFO 1815 --- [api] [           main] com.zaxxer.hikari.HikariDataSource       : HikariPool-1 - Starting...
2025-06-18T14:56:29.566Z  INFO 1815 --- [api] [           main] com.zaxxer.hikari.pool.HikariPool        : HikariPool-1 - Added connection com.mysql.cj.jdbc.ConnectionImpl@5ac53c06
2025-06-18T14:56:29.573Z  INFO 1815 --- [api] [           main] com.zaxxer.hikari.HikariDataSource       : HikariPool-1 - Start completed.
2025-06-18T14:56:31.508Z  INFO 1815 --- [api] [           main] liquibase.changelog                      : Reading resource: db/changelog/migrations/1_create_games_table.xml
2025-06-18T14:56:31.609Z  INFO 1815 --- [api] [           main] liquibase.changelog                      : Reading resource: db/changelog/migrations/2_create_covers_table.xml
2025-06-18T14:56:31.683Z  INFO 1815 --- [api] [           main] liquibase.changelog                      : Reading resource: db/changelog/migrations/3_create_studios_table.xml
2025-06-18T14:56:31.777Z  INFO 1815 --- [api] [           main] liquibase.changelog                      : Reading resource: db/changelog/migrations/4_create_tags_table.xml
2025-06-18T14:56:32.048Z  INFO 1815 --- [api] [           main] liquibase.changelog                      : Creating database history table with name: app.DATABASECHANGELOG
2025-06-18T14:56:32.539Z  INFO 1815 --- [api] [           main] liquibase.changelog                      : Reading from app.DATABASECHANGELOG
2025-06-18T14:56:33.364Z  INFO 1815 --- [api] [           main] liquibase.lockservice                    : Successfully acquired change log lock
2025-06-18T14:56:33.368Z  INFO 1815 --- [api] [           main] liquibase.command                        : Using deploymentId: 0258593367
2025-06-18T14:56:33.374Z  INFO 1815 --- [api] [           main] liquibase.changelog                      : Reading from app.DATABASECHANGELOG
2025-06-18T14:56:33.472Z  INFO 1815 --- [api] [           main] liquibase.ui                             : Running Changeset: db/changelog/migrations/1_create_games_table.xml::1_create_games_table::henrotaym
2025-06-18T14:56:33.574Z  INFO 1815 --- [api] [           main] liquibase.changelog                      : Table games created
2025-06-18T14:56:33.577Z  INFO 1815 --- [api] [           main] liquibase.changelog                      : ChangeSet db/changelog/migrations/1_create_games_table.xml::1_create_games_table::henrotaym ran successfully in 99ms
2025-06-18T14:56:33.606Z  INFO 1815 --- [api] [           main] liquibase.ui                             : Running Changeset: db/changelog/migrations/2_create_covers_table.xml::2_create_covers_table::henrotaym
2025-06-18T14:56:33.677Z  INFO 1815 --- [api] [           main] liquibase.changelog                      : Table covers created
2025-06-18T14:56:33.812Z  INFO 1815 --- [api] [           main] liquibase.changelog                      : Columns cover_id(BIGINT) added to games
2025-06-18T14:56:33.981Z  INFO 1815 --- [api] [           main] liquibase.changelog                      : Foreign key constraint added to games (cover_id)
2025-06-18T14:56:33.985Z  INFO 1815 --- [api] [           main] liquibase.changelog                      : ChangeSet db/changelog/migrations/2_create_covers_table.xml::2_create_covers_table::henrotaym ran successfully in 377ms
2025-06-18T14:56:34.014Z  INFO 1815 --- [api] [           main] liquibase.ui                             : Running Changeset: db/changelog/migrations/3_create_studios_table.xml::3_create_studios_table::henrotaym
2025-06-18T14:56:34.086Z  INFO 1815 --- [api] [           main] liquibase.changelog                      : Table studios created
2025-06-18T14:56:34.140Z  INFO 1815 --- [api] [           main] liquibase.changelog                      : Columns studio_id(BIGINT) added to games
2025-06-18T14:56:34.307Z  INFO 1815 --- [api] [           main] liquibase.changelog                      : Foreign key constraint added to games (studio_id)
2025-06-18T14:56:34.310Z  INFO 1815 --- [api] [           main] liquibase.changelog                      : ChangeSet db/changelog/migrations/3_create_studios_table.xml::3_create_studios_table::henrotaym ran successfully in 294ms
2025-06-18T14:56:34.343Z  INFO 1815 --- [api] [           main] liquibase.ui                             : Running Changeset: db/changelog/migrations/4_create_tags_table.xml::4_create_tags_table::henrotaym
2025-06-18T14:56:34.414Z  INFO 1815 --- [api] [           main] liquibase.changelog                      : Table tags created
2025-06-18T14:56:34.490Z  INFO 1815 --- [api] [           main] liquibase.changelog                      : Table game_tag created
2025-06-18T14:56:34.672Z  INFO 1815 --- [api] [           main] liquibase.changelog                      : Foreign key constraint added to game_tag (game_id)
2025-06-18T14:56:34.836Z  INFO 1815 --- [api] [           main] liquibase.changelog                      : Foreign key constraint added to game_tag (tag_id)
2025-06-18T14:56:34.839Z  INFO 1815 --- [api] [           main] liquibase.changelog                      : ChangeSet db/changelog/migrations/4_create_tags_table.xml::4_create_tags_table::henrotaym ran successfully in 496ms
2025-06-18T14:56:34.874Z  INFO 1815 --- [api] [           main] liquibase.util                           : UPDATE SUMMARY
2025-06-18T14:56:34.874Z  INFO 1815 --- [api] [           main] liquibase.util                           : Run:                          4
2025-06-18T14:56:34.874Z  INFO 1815 --- [api] [           main] liquibase.util                           : Previously run:               0
2025-06-18T14:56:34.874Z  INFO 1815 --- [api] [           main] liquibase.util                           : Filtered out:                 0
2025-06-18T14:56:34.875Z  INFO 1815 --- [api] [           main] liquibase.util                           : -------------------------------
2025-06-18T14:56:34.875Z  INFO 1815 --- [api] [           main] liquibase.util                           : Total change sets:            4
2025-06-18T14:56:34.878Z  INFO 1815 --- [api] [           main] liquibase.util                           : Update summary generated
2025-06-18T14:56:34.885Z  INFO 1815 --- [api] [           main] liquibase.command                        : Update command completed successfully.
2025-06-18T14:56:34.886Z  INFO 1815 --- [api] [           main] liquibase.ui                             : Liquibase: Update has been successful. Rows affected: 4
2025-06-18T14:56:34.900Z  INFO 1815 --- [api] [           main] liquibase.lockservice                    : Successfully released change log lock
2025-06-18T14:56:34.904Z  INFO 1815 --- [api] [           main] liquibase.command                        : Command execution complete
2025-06-18T14:56:35.272Z  INFO 1815 --- [api] [           main] o.hibernate.jpa.internal.util.LogHelper  : HHH000204: Processing PersistenceUnitInfo [name: default]
2025-06-18T14:56:35.570Z  INFO 1815 --- [api] [           main] org.hibernate.Version                    : HHH000412: Hibernate ORM core version 6.6.13.Final
2025-06-18T14:56:35.778Z  INFO 1815 --- [api] [           main] o.h.c.internal.RegionFactoryInitiator    : HHH000026: Second-level cache disabled
2025-06-18T14:56:36.954Z  INFO 1815 --- [api] [           main] o.s.o.j.p.SpringPersistenceUnitInfo      : No LoadTimeWeaver setup: ignoring JPA class transformer
2025-06-18T14:56:37.310Z  INFO 1815 --- [api] [           main] org.hibernate.orm.connections.pooling    : HHH10001005: Database info:
	Database JDBC URL [Connecting through datasource 'HikariDataSource (HikariPool-1)']
	Database driver: undefined/unknown
	Database version: 8.0.32
	Autocommit mode: undefined/unknown
	Isolation level: undefined/unknown
	Minimum pool size: undefined/unknown
	Maximum pool size: undefined/unknown
2025-06-18T14:56:38.461Z  INFO 1815 --- [api] [           main] o.h.e.t.j.p.i.JtaPlatformInitiator       : HHH000489: No JTA platform available (set 'hibernate.transaction.jta.platform' to enable JTA platform integration)
2025-06-18T14:56:38.480Z  INFO 1815 --- [api] [           main] j.LocalContainerEntityManagerFactoryBean : Initialized JPA EntityManagerFactory for persistence unit 'default'
2025-06-18T14:56:40.603Z  INFO 1815 --- [api] [           main] Golem.api.ApiApplicationTests            : Started ApiApplicationTests in 18.027 seconds (process running for 22.122)
]]></system-out>
    <system-err><![CDATA[Mockito is currently self-attaching to enable the inline-mock-maker. This will no longer work in future releases of the JDK. Please add Mockito as an agent to your build what is described in Mockito's documentation: https://javadoc.io/doc/org.mockito/mockito-core/latest/org/mockito/Mockito.html#0.3
WARNING: A Java agent has been loaded dynamically (/workspaces/GolemDiscordbot/.m2/net/bytebuddy/byte-buddy-agent/1.15.11/byte-buddy-agent-1.15.11.jar)
WARNING: If a serviceability tool is in use, please run with -XX:+EnableDynamicAgentLoading to hide this warning
WARNING: If a serviceability tool is not in use, please run with -Djdk.instrument.traceUsage for more information
WARNING: Dynamic loading of agents will be disallowed by default in a future release
]]></system-err>
  </testcase>
</testsuite>