<?xml version="1.0" encoding="UTF-8"?>
<testsuite xmlns:xsi="http://www.w3.org/2001/XMLSchema-instance" xsi:noNamespaceSchemaLocation="https://maven.apache.org/surefire/maven-surefire-plugin/xsd/surefire-test-report.xsd" version="3.0.2" name="Golem.api.ApiApplicationTests" time="28.702" tests="1" errors="0" skipped="0" failures="0">
  <properties>
    <property name="java.specification.version" value="24"/>
    <property name="sun.jnu.encoding" value="ANSI_X3.4-1968"/>
    <property name="java.class.path" value="/opt/apps/app/target/test-classes:/opt/apps/app/target/classes:/opt/apps/maven/repository/org/springframework/boot/spring-boot-starter-data-jpa/3.4.5/spring-boot-starter-data-jpa-3.4.5.jar:/opt/apps/maven/repository/org/springframework/boot/spring-boot-starter/3.4.5/spring-boot-starter-3.4.5.jar:/opt/apps/maven/repository/org/springframework/boot/spring-boot-starter-logging/3.4.5/spring-boot-starter-logging-3.4.5.jar:/opt/apps/maven/repository/ch/qos/logback/logback-classic/1.5.18/logback-classic-1.5.18.jar:/opt/apps/maven/repository/ch/qos/logback/logback-core/1.5.18/logback-core-1.5.18.jar:/opt/apps/maven/repository/org/apache/logging/log4j/log4j-to-slf4j/2.24.3/log4j-to-slf4j-2.24.3.jar:/opt/apps/maven/repository/org/apache/logging/log4j/log4j-api/2.24.3/log4j-api-2.24.3.jar:/opt/apps/maven/repository/org/slf4j/jul-to-slf4j/2.0.17/jul-to-slf4j-2.0.17.jar:/opt/apps/maven/repository/org/springframework/boot/spring-boot-starter-jdbc/3.4.5/spring-boot-starter-jdbc-3.4.5.jar:/opt/apps/maven/repository/com/zaxxer/HikariCP/5.1.0/HikariCP-5.1.0.jar:/opt/apps/maven/repository/org/springframework/spring-jdbc/6.2.6/spring-jdbc-6.2.6.jar:/opt/apps/maven/repository/org/hibernate/orm/hibernate-core/6.6.13.Final/hibernate-core-6.6.13.Final.jar:/opt/apps/maven/repository/jakarta/transaction/jakarta.transaction-api/2.0.1/jakarta.transaction-api-2.0.1.jar:/opt/apps/maven/repository/org/jboss/logging/jboss-logging/3.6.1.Final/jboss-logging-3.6.1.Final.jar:/opt/apps/maven/repository/org/hibernate/common/hibernate-commons-annotations/7.0.3.Final/hibernate-commons-annotations-7.0.3.Final.jar:/opt/apps/maven/repository/io/smallrye/jandex/3.2.0/jandex-3.2.0.jar:/opt/apps/maven/repository/com/fasterxml/classmate/1.7.0/classmate-1.7.0.jar:/opt/apps/maven/repository/net/bytebuddy/byte-buddy/1.15.11/byte-buddy-1.15.11.jar:/opt/apps/maven/repository/org/glassfish/jaxb/jaxb-runtime/4.0.5/jaxb-runtime-4.0.5.jar:/opt/apps/maven/repository/org/glassfish/jaxb/jaxb-core/4.0.5/jaxb-core-4.0.5.jar:/opt/apps/maven/repository/org/eclipse/angus/angus-activation/2.0.2/angus-activation-2.0.2.jar:/opt/apps/maven/repository/org/glassfish/jaxb/txw2/4.0.5/txw2-4.0.5.jar:/opt/apps/maven/repository/com/sun/istack/istack-commons-runtime/4.1.2/istack-commons-runtime-4.1.2.jar:/opt/apps/maven/repository/jakarta/inject/jakarta.inject-api/2.0.1/jakarta.inject-api-2.0.1.jar:/opt/apps/maven/repository/org/antlr/antlr4-runtime/4.13.0/antlr4-runtime-4.13.0.jar:/opt/apps/maven/repository/org/springframework/data/spring-data-jpa/3.4.5/spring-data-jpa-3.4.5.jar:/opt/apps/maven/repository/org/springframework/data/spring-data-commons/3.4.5/spring-data-commons-3.4.5.jar:/opt/apps/maven/repository/org/springframework/spring-orm/6.2.6/spring-orm-6.2.6.jar:/opt/apps/maven/repository/org/springframework/spring-aop/6.2.6/spring-aop-6.2.6.jar:/opt/apps/maven/repository/org/springframework/spring-beans/6.2.6/spring-beans-6.2.6.jar:/opt/apps/maven/repository/org/slf4j/slf4j-api/2.0.17/slf4j-api-2.0.17.jar:/opt/apps/maven/repository/org/springframework/spring-aspects/6.2.6/spring-aspects-6.2.6.jar:/opt/apps/maven/repository/org/aspectj/aspectjweaver/1.9.24/aspectjweaver-1.9.24.jar:/opt/apps/maven/repository/org/springframework/boot/spring-boot-starter-validation/3.4.5/spring-boot-starter-validation-3.4.5.jar:/opt/apps/maven/repository/org/apache/tomcat/embed/tomcat-embed-el/10.1.40/tomcat-embed-el-10.1.40.jar:/opt/apps/maven/repository/org/hibernate/validator/hibernate-validator/8.0.2.Final/hibernate-validator-8.0.2.Final.jar:/opt/apps/maven/repository/jakarta/validation/jakarta.validation-api/3.0.2/jakarta.validation-api-3.0.2.jar:/opt/apps/maven/repository/org/springframework/boot/spring-boot-starter-web/3.4.5/spring-boot-starter-web-3.4.5.jar:/opt/apps/maven/repository/org/springframework/boot/spring-boot-starter-json/3.4.5/spring-boot-starter-json-3.4.5.jar:/opt/apps/maven/repository/com/fasterxml/jackson/core/jackson-databind/2.18.3/jackson-databind-2.18.3.jar:/opt/apps/maven/repository/com/fasterxml/jackson/datatype/jackson-datatype-jdk8/2.18.3/jackson-datatype-jdk8-2.18.3.jar:/opt/apps/maven/repository/com/fasterxml/jackson/module/jackson-module-parameter-names/2.18.3/jackson-module-parameter-names-2.18.3.jar:/opt/apps/maven/repository/org/springframework/boot/spring-boot-starter-tomcat/3.4.5/spring-boot-starter-tomcat-3.4.5.jar:/opt/apps/maven/repository/org/apache/tomcat/embed/tomcat-embed-core/10.1.40/tomcat-embed-core-10.1.40.jar:/opt/apps/maven/repository/org/apache/tomcat/embed/tomcat-embed-websocket/10.1.40/tomcat-embed-websocket-10.1.40.jar:/opt/apps/maven/repository/org/springframework/spring-web/6.2.6/spring-web-6.2.6.jar:/opt/apps/maven/repository/org/springframework/spring-webmvc/6.2.6/spring-webmvc-6.2.6.jar:/opt/apps/maven/repository/org/springframework/spring-expression/6.2.6/spring-expression-6.2.6.jar:/opt/apps/maven/repository/com/discord4j/discord4j-core/3.2.8/discord4j-core-3.2.8.jar:/opt/apps/maven/repository/com/fasterxml/jackson/datatype/jackson-datatype-jsr310/2.18.3/jackson-datatype-jsr310-2.18.3.jar:/opt/apps/maven/repository/com/fasterxml/jackson/core/jackson-annotations/2.18.3/jackson-annotations-2.18.3.jar:/opt/apps/maven/repository/com/fasterxml/jackson/core/jackson-core/2.18.3/jackson-core-2.18.3.jar:/opt/apps/maven/repository/com/discord4j/discord-json/1.6.25/discord-json-1.6.25.jar:/opt/apps/maven/repository/com/discord4j/discord-json-api/1.6.25/discord-json-api-1.6.25.jar:/opt/apps/maven/repository/com/discord4j/discord4j-rest/3.2.8/discord4j-rest-3.2.8.jar:/opt/apps/maven/repository/com/discord4j/discord4j-common/3.2.8/discord4j-common-3.2.8.jar:/opt/apps/maven/repository/io/projectreactor/netty/reactor-netty-http/1.2.5/reactor-netty-http-1.2.5.jar:/opt/apps/maven/repository/io/netty/netty-codec-http/4.1.119.Final/netty-codec-http-4.1.119.Final.jar:/opt/apps/maven/repository/io/netty/netty-common/4.1.119.Final/netty-common-4.1.119.Final.jar:/opt/apps/maven/repository/io/netty/netty-buffer/4.1.119.Final/netty-buffer-4.1.119.Final.jar:/opt/apps/maven/repository/io/netty/netty-transport/4.1.119.Final/netty-transport-4.1.119.Final.jar:/opt/apps/maven/repository/io/netty/netty-codec/4.1.119.Final/netty-codec-4.1.119.Final.jar:/opt/apps/maven/repository/io/netty/netty-handler/4.1.119.Final/netty-handler-4.1.119.Final.jar:/opt/apps/maven/repository/io/netty/netty-codec-http2/4.1.119.Final/netty-codec-http2-4.1.119.Final.jar:/opt/apps/maven/repository/io/netty/netty-resolver-dns/4.1.119.Final/netty-resolver-dns-4.1.119.Final.jar:/opt/apps/maven/repository/io/netty/netty-resolver/4.1.119.Final/netty-resolver-4.1.119.Final.jar:/opt/apps/maven/repository/io/netty/netty-codec-dns/4.1.119.Final/netty-codec-dns-4.1.119.Final.jar:/opt/apps/maven/repository/io/netty/netty-resolver-dns-native-macos/4.1.119.Final/netty-resolver-dns-native-macos-4.1.119.Final-osx-x86_64.jar:/opt/apps/maven/repository/io/netty/netty-resolver-dns-classes-macos/4.1.119.Final/netty-resolver-dns-classes-macos-4.1.119.Final.jar:/opt/apps/maven/repository/io/netty/netty-transport-native-epoll/4.1.119.Final/netty-transport-native-epoll-4.1.119.Final-linux-x86_64.jar:/opt/apps/maven/repository/io/netty/netty-transport-native-unix-common/4.1.119.Final/netty-transport-native-unix-common-4.1.119.Final.jar:/opt/apps/maven/repository/io/netty/netty-transport-classes-epoll/4.1.119.Final/netty-transport-classes-epoll-4.1.119.Final.jar:/opt/apps/maven/repository/io/projectreactor/netty/reactor-netty-core/1.2.5/reactor-netty-core-1.2.5.jar:/opt/apps/maven/repository/io/netty/netty-handler-proxy/4.1.119.Final/netty-handler-proxy-4.1.119.Final.jar:/opt/apps/maven/repository/io/netty/netty-codec-socks/4.1.119.Final/netty-codec-socks-4.1.119.Final.jar:/opt/apps/maven/repository/com/github/ben-manes/caffeine/caffeine/3.1.8/caffeine-3.1.8.jar:/opt/apps/maven/repository/org/checkerframework/checker-qual/3.37.0/checker-qual-3.37.0.jar:/opt/apps/maven/repository/com/discord4j/discord4j-gateway/3.2.8/discord4j-gateway-3.2.8.jar:/opt/apps/maven/repository/io/projectreactor/addons/reactor-extra/3.5.2/reactor-extra-3.5.2.jar:/opt/apps/maven/repository/io/projectreactor/reactor-core/3.7.5/reactor-core-3.7.5.jar:/opt/apps/maven/repository/org/reactivestreams/reactive-streams/1.0.4/reactive-streams-1.0.4.jar:/opt/apps/maven/repository/com/discord4j/discord4j-voice/3.2.8/discord4j-voice-3.2.8.jar:/opt/apps/maven/repository/com/discord4j/simple-fsm/1.0.1/simple-fsm-1.0.1.jar:/opt/apps/maven/repository/com/google/crypto/tink/tink/1.15.0/tink-1.15.0.jar:/opt/apps/maven/repository/com/google/code/findbugs/jsr305/3.0.2/jsr305-3.0.2.jar:/opt/apps/maven/repository/com/google/code/gson/gson/2.11.0/gson-2.11.0.jar:/opt/apps/maven/repository/com/google/errorprone/error_prone_annotations/2.22.0/error_prone_annotations-2.22.0.jar:/opt/apps/maven/repository/com/google/protobuf/protobuf-java/3.25.3/protobuf-java-3.25.3.jar:/opt/apps/maven/repository/com/discord4j/stores-jdk/3.2.3/stores-jdk-3.2.3.jar:/opt/apps/maven/repository/com/discord4j/stores-api/3.2.3/stores-api-3.2.3.jar:/opt/apps/maven/repository/com/austinv11/servicer/Servicer/1.0.3/Servicer-1.0.3.jar:/opt/apps/maven/repository/com/squareup/okhttp/okhttp/2.7.5/okhttp-2.7.5.jar:/opt/apps/maven/repository/com/squareup/okio/okio/1.6.0/okio-1.6.0.jar:/opt/apps/maven/repository/org/springframework/boot/spring-boot-devtools/3.4.5/spring-boot-devtools-3.4.5.jar:/opt/apps/maven/repository/org/springframework/boot/spring-boot/3.4.5/spring-boot-3.4.5.jar:/opt/apps/maven/repository/org/springframework/boot/spring-boot-autoconfigure/3.4.5/spring-boot-autoconfigure-3.4.5.jar:/opt/apps/maven/repository/com/mysql/mysql-connector-j/9.1.0/mysql-connector-j-9.1.0.jar:/opt/apps/maven/repository/org/projectlombok/lombok/1.18.38/lombok-1.18.38.jar:/opt/apps/maven/repository/org/springframework/boot/spring-boot-starter-test/3.4.5/spring-boot-starter-test-3.4.5.jar:/opt/apps/maven/repository/org/springframework/boot/spring-boot-test/3.4.5/spring-boot-test-3.4.5.jar:/opt/apps/maven/repository/org/springframework/boot/spring-boot-test-autoconfigure/3.4.5/spring-boot-test-autoconfigure-3.4.5.jar:/opt/apps/maven/repository/com/jayway/jsonpath/json-path/2.9.0/json-path-2.9.0.jar:/opt/apps/maven/repository/jakarta/xml/bind/jakarta.xml.bind-api/4.0.2/jakarta.xml.bind-api-4.0.2.jar:/opt/apps/maven/repository/jakarta/activation/jakarta.activation-api/2.1.3/jakarta.activation-api-2.1.3.jar:/opt/apps/maven/repository/net/minidev/json-smart/2.5.2/json-smart-2.5.2.jar:/opt/apps/maven/repository/net/minidev/accessors-smart/2.5.2/accessors-smart-2.5.2.jar:/opt/apps/maven/repository/org/ow2/asm/asm/9.7.1/asm-9.7.1.jar:/opt/apps/maven/repository/org/assertj/assertj-core/3.26.3/assertj-core-3.26.3.jar:/opt/apps/maven/repository/org/awaitility/awaitility/4.2.2/awaitility-4.2.2.jar:/opt/apps/maven/repository/org/hamcrest/hamcrest/2.2/hamcrest-2.2.jar:/opt/apps/maven/repository/org/junit/jupiter/junit-jupiter/5.11.4/junit-jupiter-5.11.4.jar:/opt/apps/maven/repository/org/junit/jupiter/junit-jupiter-api/5.11.4/junit-jupiter-api-5.11.4.jar:/opt/apps/maven/repository/org/opentest4j/opentest4j/1.3.0/opentest4j-1.3.0.jar:/opt/apps/maven/repository/org/junit/platform/junit-platform-commons/1.11.4/junit-platform-commons-1.11.4.jar:/opt/apps/maven/repository/org/apiguardian/apiguardian-api/1.1.2/apiguardian-api-1.1.2.jar:/opt/apps/maven/repository/org/junit/jupiter/junit-jupiter-params/5.11.4/junit-jupiter-params-5.11.4.jar:/opt/apps/maven/repository/org/junit/jupiter/junit-jupiter-engine/5.11.4/junit-jupiter-engine-5.11.4.jar:/opt/apps/maven/repository/org/junit/platform/junit-platform-engine/1.11.4/junit-platform-engine-1.11.4.jar:/opt/apps/maven/repository/org/mockito/mockito-core/5.14.2/mockito-core-5.14.2.jar:/opt/apps/maven/repository/net/bytebuddy/byte-buddy-agent/1.15.11/byte-buddy-agent-1.15.11.jar:/opt/apps/maven/repository/org/objenesis/objenesis/3.3/objenesis-3.3.jar:/opt/apps/maven/repository/org/mockito/mockito-junit-jupiter/5.14.2/mockito-junit-jupiter-5.14.2.jar:/opt/apps/maven/repository/org/skyscreamer/jsonassert/1.5.3/jsonassert-1.5.3.jar:/opt/apps/maven/repository/com/vaadin/external/google/android-json/0.0.20131108.vaadin1/android-json-0.0.20131108.vaadin1.jar:/opt/apps/maven/repository/org/springframework/spring-core/6.2.6/spring-core-6.2.6.jar:/opt/apps/maven/repository/org/springframework/spring-jcl/6.2.6/spring-jcl-6.2.6.jar:/opt/apps/maven/repository/org/springframework/spring-test/6.2.6/spring-test-6.2.6.jar:/opt/apps/maven/repository/org/xmlunit/xmlunit-core/2.10.0/xmlunit-core-2.10.0.jar:/opt/apps/maven/repository/org/liquibase/liquibase-core/4.29.2/liquibase-core-4.29.2.jar:/opt/apps/maven/repository/com/opencsv/opencsv/5.9/opencsv-5.9.jar:/opt/apps/maven/repository/org/yaml/snakeyaml/2.3/snakeyaml-2.3.jar:/opt/apps/maven/repository/javax/xml/bind/jaxb-api/2.3.1/jaxb-api-2.3.1.jar:/opt/apps/maven/repository/commons-io/commons-io/2.16.1/commons-io-2.16.1.jar:/opt/apps/maven/repository/org/apache/commons/commons-collections4/4.4/commons-collections4-4.4.jar:/opt/apps/maven/repository/org/apache/commons/commons-text/1.12.0/commons-text-1.12.0.jar:/opt/apps/maven/repository/org/apache/commons/commons-lang3/3.17.0/commons-lang3-3.17.0.jar:/opt/apps/maven/repository/net/datafaker/datafaker/2.4.2/datafaker-2.4.2.jar:/opt/apps/maven/repository/com/github/curious-odd-man/rgxgen/2.0/rgxgen-2.0.jar:/opt/apps/maven/repository/com/googlecode/libphonenumber/libphonenumber/8.13.50/libphonenumber-8.13.50.jar:/opt/apps/maven/repository/org/springframework/kafka/spring-kafka/3.3.5/spring-kafka-3.3.5.jar:/opt/apps/maven/repository/org/springframework/spring-context/6.2.6/spring-context-6.2.6.jar:/opt/apps/maven/repository/org/springframework/spring-messaging/6.2.6/spring-messaging-6.2.6.jar:/opt/apps/maven/repository/org/springframework/spring-tx/6.2.6/spring-tx-6.2.6.jar:/opt/apps/maven/repository/org/springframework/retry/spring-retry/2.0.11/spring-retry-2.0.11.jar:/opt/apps/maven/repository/org/apache/kafka/kafka-clients/3.8.1/kafka-clients-3.8.1.jar:/opt/apps/maven/repository/com/github/luben/zstd-jni/1.5.6-4/zstd-jni-1.5.6-4.jar:/opt/apps/maven/repository/org/lz4/lz4-java/1.8.0/lz4-java-1.8.0.jar:/opt/apps/maven/repository/org/xerial/snappy/snappy-java/1.1.10.5/snappy-java-1.1.10.5.jar:/opt/apps/maven/repository/io/micrometer/micrometer-observation/1.14.6/micrometer-observation-1.14.6.jar:/opt/apps/maven/repository/io/micrometer/micrometer-commons/1.14.6/micrometer-commons-1.14.6.jar:/opt/apps/maven/repository/com/querydsl/querydsl-jpa/5.1.0/querydsl-jpa-5.1.0-jakarta.jar:/opt/apps/maven/repository/com/querydsl/querydsl-core/5.1.0/querydsl-core-5.1.0.jar:/opt/apps/maven/repository/com/mysema/commons/mysema-commons-lang/0.2.4/mysema-commons-lang-0.2.4.jar:/opt/apps/maven/repository/jakarta/persistence/jakarta.persistence-api/3.1.0/jakarta.persistence-api-3.1.0.jar:/opt/apps/maven/repository/jakarta/annotation/jakarta.annotation-api/2.1.1/jakarta.annotation-api-2.1.1.jar:"/>
    <property name="java.vm.vendor" value="Oracle Corporation"/>
    <property name="sun.arch.data.model" value="64"/>
    <property name="java.vendor.url" value="https://java.oracle.com/"/>
    <property name="user.timezone" value="GMT"/>
    <property name="org.jboss.logging.provider" value="slf4j"/>
    <property name="os.name" value="Linux"/>
    <property name="java.vm.specification.version" value="24"/>
    <property name="APPLICATION_NAME" value="api"/>
    <property name="sun.java.launcher" value="SUN_STANDARD"/>
    <property name="user.country" value="US"/>
    <property name="sun.boot.library.path" value="/usr/local/jdk-24/lib"/>
    <property name="sun.java.command" value="/opt/apps/app/target/surefire/surefirebooter-20250710192040946_3.jar /opt/apps/app/target/surefire 2025-07-10T19-20-40_647-jvmRun1 surefire-20250710192040946_1tmp surefire_0-20250710192040946_2tmp"/>
    <property name="jdk.debug" value="release"/>
    <property name="surefire.test.class.path" value="/opt/apps/app/target/test-classes:/opt/apps/app/target/classes:/opt/apps/maven/repository/org/springframework/boot/spring-boot-starter-data-jpa/3.4.5/spring-boot-starter-data-jpa-3.4.5.jar:/opt/apps/maven/repository/org/springframework/boot/spring-boot-starter/3.4.5/spring-boot-starter-3.4.5.jar:/opt/apps/maven/repository/org/springframework/boot/spring-boot-starter-logging/3.4.5/spring-boot-starter-logging-3.4.5.jar:/opt/apps/maven/repository/ch/qos/logback/logback-classic/1.5.18/logback-classic-1.5.18.jar:/opt/apps/maven/repository/ch/qos/logback/logback-core/1.5.18/logback-core-1.5.18.jar:/opt/apps/maven/repository/org/apache/logging/log4j/log4j-to-slf4j/2.24.3/log4j-to-slf4j-2.24.3.jar:/opt/apps/maven/repository/org/apache/logging/log4j/log4j-api/2.24.3/log4j-api-2.24.3.jar:/opt/apps/maven/repository/org/slf4j/jul-to-slf4j/2.0.17/jul-to-slf4j-2.0.17.jar:/opt/apps/maven/repository/org/springframework/boot/spring-boot-starter-jdbc/3.4.5/spring-boot-starter-jdbc-3.4.5.jar:/opt/apps/maven/repository/com/zaxxer/HikariCP/5.1.0/HikariCP-5.1.0.jar:/opt/apps/maven/repository/org/springframework/spring-jdbc/6.2.6/spring-jdbc-6.2.6.jar:/opt/apps/maven/repository/org/hibernate/orm/hibernate-core/6.6.13.Final/hibernate-core-6.6.13.Final.jar:/opt/apps/maven/repository/jakarta/transaction/jakarta.transaction-api/2.0.1/jakarta.transaction-api-2.0.1.jar:/opt/apps/maven/repository/org/jboss/logging/jboss-logging/3.6.1.Final/jboss-logging-3.6.1.Final.jar:/opt/apps/maven/repository/org/hibernate/common/hibernate-commons-annotations/7.0.3.Final/hibernate-commons-annotations-7.0.3.Final.jar:/opt/apps/maven/repository/io/smallrye/jandex/3.2.0/jandex-3.2.0.jar:/opt/apps/maven/repository/com/fasterxml/classmate/1.7.0/classmate-1.7.0.jar:/opt/apps/maven/repository/net/bytebuddy/byte-buddy/1.15.11/byte-buddy-1.15.11.jar:/opt/apps/maven/repository/org/glassfish/jaxb/jaxb-runtime/4.0.5/jaxb-runtime-4.0.5.jar:/opt/apps/maven/repository/org/glassfish/jaxb/jaxb-core/4.0.5/jaxb-core-4.0.5.jar:/opt/apps/maven/repository/org/eclipse/angus/angus-activation/2.0.2/angus-activation-2.0.2.jar:/opt/apps/maven/repository/org/glassfish/jaxb/txw2/4.0.5/txw2-4.0.5.jar:/opt/apps/maven/repository/com/sun/istack/istack-commons-runtime/4.1.2/istack-commons-runtime-4.1.2.jar:/opt/apps/maven/repository/jakarta/inject/jakarta.inject-api/2.0.1/jakarta.inject-api-2.0.1.jar:/opt/apps/maven/repository/org/antlr/antlr4-runtime/4.13.0/antlr4-runtime-4.13.0.jar:/opt/apps/maven/repository/org/springframework/data/spring-data-jpa/3.4.5/spring-data-jpa-3.4.5.jar:/opt/apps/maven/repository/org/springframework/data/spring-data-commons/3.4.5/spring-data-commons-3.4.5.jar:/opt/apps/maven/repository/org/springframework/spring-orm/6.2.6/spring-orm-6.2.6.jar:/opt/apps/maven/repository/org/springframework/spring-aop/6.2.6/spring-aop-6.2.6.jar:/opt/apps/maven/repository/org/springframework/spring-beans/6.2.6/spring-beans-6.2.6.jar:/opt/apps/maven/repository/org/slf4j/slf4j-api/2.0.17/slf4j-api-2.0.17.jar:/opt/apps/maven/repository/org/springframework/spring-aspects/6.2.6/spring-aspects-6.2.6.jar:/opt/apps/maven/repository/org/aspectj/aspectjweaver/1.9.24/aspectjweaver-1.9.24.jar:/opt/apps/maven/repository/org/springframework/boot/spring-boot-starter-validation/3.4.5/spring-boot-starter-validation-3.4.5.jar:/opt/apps/maven/repository/org/apache/tomcat/embed/tomcat-embed-el/10.1.40/tomcat-embed-el-10.1.40.jar:/opt/apps/maven/repository/org/hibernate/validator/hibernate-validator/8.0.2.Final/hibernate-validator-8.0.2.Final.jar:/opt/apps/maven/repository/jakarta/validation/jakarta.validation-api/3.0.2/jakarta.validation-api-3.0.2.jar:/opt/apps/maven/repository/org/springframework/boot/spring-boot-starter-web/3.4.5/spring-boot-starter-web-3.4.5.jar:/opt/apps/maven/repository/org/springframework/boot/spring-boot-starter-json/3.4.5/spring-boot-starter-json-3.4.5.jar:/opt/apps/maven/repository/com/fasterxml/jackson/core/jackson-databind/2.18.3/jackson-databind-2.18.3.jar:/opt/apps/maven/repository/com/fasterxml/jackson/datatype/jackson-datatype-jdk8/2.18.3/jackson-datatype-jdk8-2.18.3.jar:/opt/apps/maven/repository/com/fasterxml/jackson/module/jackson-module-parameter-names/2.18.3/jackson-module-parameter-names-2.18.3.jar:/opt/apps/maven/repository/org/springframework/boot/spring-boot-starter-tomcat/3.4.5/spring-boot-starter-tomcat-3.4.5.jar:/opt/apps/maven/repository/org/apache/tomcat/embed/tomcat-embed-core/10.1.40/tomcat-embed-core-10.1.40.jar:/opt/apps/maven/repository/org/apache/tomcat/embed/tomcat-embed-websocket/10.1.40/tomcat-embed-websocket-10.1.40.jar:/opt/apps/maven/repository/org/springframework/spring-web/6.2.6/spring-web-6.2.6.jar:/opt/apps/maven/repository/org/springframework/spring-webmvc/6.2.6/spring-webmvc-6.2.6.jar:/opt/apps/maven/repository/org/springframework/spring-expression/6.2.6/spring-expression-6.2.6.jar:/opt/apps/maven/repository/com/discord4j/discord4j-core/3.2.8/discord4j-core-3.2.8.jar:/opt/apps/maven/repository/com/fasterxml/jackson/datatype/jackson-datatype-jsr310/2.18.3/jackson-datatype-jsr310-2.18.3.jar:/opt/apps/maven/repository/com/fasterxml/jackson/core/jackson-annotations/2.18.3/jackson-annotations-2.18.3.jar:/opt/apps/maven/repository/com/fasterxml/jackson/core/jackson-core/2.18.3/jackson-core-2.18.3.jar:/opt/apps/maven/repository/com/discord4j/discord-json/1.6.25/discord-json-1.6.25.jar:/opt/apps/maven/repository/com/discord4j/discord-json-api/1.6.25/discord-json-api-1.6.25.jar:/opt/apps/maven/repository/com/discord4j/discord4j-rest/3.2.8/discord4j-rest-3.2.8.jar:/opt/apps/maven/repository/com/discord4j/discord4j-common/3.2.8/discord4j-common-3.2.8.jar:/opt/apps/maven/repository/io/projectreactor/netty/reactor-netty-http/1.2.5/reactor-netty-http-1.2.5.jar:/opt/apps/maven/repository/io/netty/netty-codec-http/4.1.119.Final/netty-codec-http-4.1.119.Final.jar:/opt/apps/maven/repository/io/netty/netty-common/4.1.119.Final/netty-common-4.1.119.Final.jar:/opt/apps/maven/repository/io/netty/netty-buffer/4.1.119.Final/netty-buffer-4.1.119.Final.jar:/opt/apps/maven/repository/io/netty/netty-transport/4.1.119.Final/netty-transport-4.1.119.Final.jar:/opt/apps/maven/repository/io/netty/netty-codec/4.1.119.Final/netty-codec-4.1.119.Final.jar:/opt/apps/maven/repository/io/netty/netty-handler/4.1.119.Final/netty-handler-4.1.119.Final.jar:/opt/apps/maven/repository/io/netty/netty-codec-http2/4.1.119.Final/netty-codec-http2-4.1.119.Final.jar:/opt/apps/maven/repository/io/netty/netty-resolver-dns/4.1.119.Final/netty-resolver-dns-4.1.119.Final.jar:/opt/apps/maven/repository/io/netty/netty-resolver/4.1.119.Final/netty-resolver-4.1.119.Final.jar:/opt/apps/maven/repository/io/netty/netty-codec-dns/4.1.119.Final/netty-codec-dns-4.1.119.Final.jar:/opt/apps/maven/repository/io/netty/netty-resolver-dns-native-macos/4.1.119.Final/netty-resolver-dns-native-macos-4.1.119.Final-osx-x86_64.jar:/opt/apps/maven/repository/io/netty/netty-resolver-dns-classes-macos/4.1.119.Final/netty-resolver-dns-classes-macos-4.1.119.Final.jar:/opt/apps/maven/repository/io/netty/netty-transport-native-epoll/4.1.119.Final/netty-transport-native-epoll-4.1.119.Final-linux-x86_64.jar:/opt/apps/maven/repository/io/netty/netty-transport-native-unix-common/4.1.119.Final/netty-transport-native-unix-common-4.1.119.Final.jar:/opt/apps/maven/repository/io/netty/netty-transport-classes-epoll/4.1.119.Final/netty-transport-classes-epoll-4.1.119.Final.jar:/opt/apps/maven/repository/io/projectreactor/netty/reactor-netty-core/1.2.5/reactor-netty-core-1.2.5.jar:/opt/apps/maven/repository/io/netty/netty-handler-proxy/4.1.119.Final/netty-handler-proxy-4.1.119.Final.jar:/opt/apps/maven/repository/io/netty/netty-codec-socks/4.1.119.Final/netty-codec-socks-4.1.119.Final.jar:/opt/apps/maven/repository/com/github/ben-manes/caffeine/caffeine/3.1.8/caffeine-3.1.8.jar:/opt/apps/maven/repository/org/checkerframework/checker-qual/3.37.0/checker-qual-3.37.0.jar:/opt/apps/maven/repository/com/discord4j/discord4j-gateway/3.2.8/discord4j-gateway-3.2.8.jar:/opt/apps/maven/repository/io/projectreactor/addons/reactor-extra/3.5.2/reactor-extra-3.5.2.jar:/opt/apps/maven/repository/io/projectreactor/reactor-core/3.7.5/reactor-core-3.7.5.jar:/opt/apps/maven/repository/org/reactivestreams/reactive-streams/1.0.4/reactive-streams-1.0.4.jar:/opt/apps/maven/repository/com/discord4j/discord4j-voice/3.2.8/discord4j-voice-3.2.8.jar:/opt/apps/maven/repository/com/discord4j/simple-fsm/1.0.1/simple-fsm-1.0.1.jar:/opt/apps/maven/repository/com/google/crypto/tink/tink/1.15.0/tink-1.15.0.jar:/opt/apps/maven/repository/com/google/code/findbugs/jsr305/3.0.2/jsr305-3.0.2.jar:/opt/apps/maven/repository/com/google/code/gson/gson/2.11.0/gson-2.11.0.jar:/opt/apps/maven/repository/com/google/errorprone/error_prone_annotations/2.22.0/error_prone_annotations-2.22.0.jar:/opt/apps/maven/repository/com/google/protobuf/protobuf-java/3.25.3/protobuf-java-3.25.3.jar:/opt/apps/maven/repository/com/discord4j/stores-jdk/3.2.3/stores-jdk-3.2.3.jar:/opt/apps/maven/repository/com/discord4j/stores-api/3.2.3/stores-api-3.2.3.jar:/opt/apps/maven/repository/com/austinv11/servicer/Servicer/1.0.3/Servicer-1.0.3.jar:/opt/apps/maven/repository/com/squareup/okhttp/okhttp/2.7.5/okhttp-2.7.5.jar:/opt/apps/maven/repository/com/squareup/okio/okio/1.6.0/okio-1.6.0.jar:/opt/apps/maven/repository/org/springframework/boot/spring-boot-devtools/3.4.5/spring-boot-devtools-3.4.5.jar:/opt/apps/maven/repository/org/springframework/boot/spring-boot/3.4.5/spring-boot-3.4.5.jar:/opt/apps/maven/repository/org/springframework/boot/spring-boot-autoconfigure/3.4.5/spring-boot-autoconfigure-3.4.5.jar:/opt/apps/maven/repository/com/mysql/mysql-connector-j/9.1.0/mysql-connector-j-9.1.0.jar:/opt/apps/maven/repository/org/projectlombok/lombok/1.18.38/lombok-1.18.38.jar:/opt/apps/maven/repository/org/springframework/boot/spring-boot-starter-test/3.4.5/spring-boot-starter-test-3.4.5.jar:/opt/apps/maven/repository/org/springframework/boot/spring-boot-test/3.4.5/spring-boot-test-3.4.5.jar:/opt/apps/maven/repository/org/springframework/boot/spring-boot-test-autoconfigure/3.4.5/spring-boot-test-autoconfigure-3.4.5.jar:/opt/apps/maven/repository/com/jayway/jsonpath/json-path/2.9.0/json-path-2.9.0.jar:/opt/apps/maven/repository/jakarta/xml/bind/jakarta.xml.bind-api/4.0.2/jakarta.xml.bind-api-4.0.2.jar:/opt/apps/maven/repository/jakarta/activation/jakarta.activation-api/2.1.3/jakarta.activation-api-2.1.3.jar:/opt/apps/maven/repository/net/minidev/json-smart/2.5.2/json-smart-2.5.2.jar:/opt/apps/maven/repository/net/minidev/accessors-smart/2.5.2/accessors-smart-2.5.2.jar:/opt/apps/maven/repository/org/ow2/asm/asm/9.7.1/asm-9.7.1.jar:/opt/apps/maven/repository/org/assertj/assertj-core/3.26.3/assertj-core-3.26.3.jar:/opt/apps/maven/repository/org/awaitility/awaitility/4.2.2/awaitility-4.2.2.jar:/opt/apps/maven/repository/org/hamcrest/hamcrest/2.2/hamcrest-2.2.jar:/opt/apps/maven/repository/org/junit/jupiter/junit-jupiter/5.11.4/junit-jupiter-5.11.4.jar:/opt/apps/maven/repository/org/junit/jupiter/junit-jupiter-api/5.11.4/junit-jupiter-api-5.11.4.jar:/opt/apps/maven/repository/org/opentest4j/opentest4j/1.3.0/opentest4j-1.3.0.jar:/opt/apps/maven/repository/org/junit/platform/junit-platform-commons/1.11.4/junit-platform-commons-1.11.4.jar:/opt/apps/maven/repository/org/apiguardian/apiguardian-api/1.1.2/apiguardian-api-1.1.2.jar:/opt/apps/maven/repository/org/junit/jupiter/junit-jupiter-params/5.11.4/junit-jupiter-params-5.11.4.jar:/opt/apps/maven/repository/org/junit/jupiter/junit-jupiter-engine/5.11.4/junit-jupiter-engine-5.11.4.jar:/opt/apps/maven/repository/org/junit/platform/junit-platform-engine/1.11.4/junit-platform-engine-1.11.4.jar:/opt/apps/maven/repository/org/mockito/mockito-core/5.14.2/mockito-core-5.14.2.jar:/opt/apps/maven/repository/net/bytebuddy/byte-buddy-agent/1.15.11/byte-buddy-agent-1.15.11.jar:/opt/apps/maven/repository/org/objenesis/objenesis/3.3/objenesis-3.3.jar:/opt/apps/maven/repository/org/mockito/mockito-junit-jupiter/5.14.2/mockito-junit-jupiter-5.14.2.jar:/opt/apps/maven/repository/org/skyscreamer/jsonassert/1.5.3/jsonassert-1.5.3.jar:/opt/apps/maven/repository/com/vaadin/external/google/android-json/0.0.20131108.vaadin1/android-json-0.0.20131108.vaadin1.jar:/opt/apps/maven/repository/org/springframework/spring-core/6.2.6/spring-core-6.2.6.jar:/opt/apps/maven/repository/org/springframework/spring-jcl/6.2.6/spring-jcl-6.2.6.jar:/opt/apps/maven/repository/org/springframework/spring-test/6.2.6/spring-test-6.2.6.jar:/opt/apps/maven/repository/org/xmlunit/xmlunit-core/2.10.0/xmlunit-core-2.10.0.jar:/opt/apps/maven/repository/org/liquibase/liquibase-core/4.29.2/liquibase-core-4.29.2.jar:/opt/apps/maven/repository/com/opencsv/opencsv/5.9/opencsv-5.9.jar:/opt/apps/maven/repository/org/yaml/snakeyaml/2.3/snakeyaml-2.3.jar:/opt/apps/maven/repository/javax/xml/bind/jaxb-api/2.3.1/jaxb-api-2.3.1.jar:/opt/apps/maven/repository/commons-io/commons-io/2.16.1/commons-io-2.16.1.jar:/opt/apps/maven/repository/org/apache/commons/commons-collections4/4.4/commons-collections4-4.4.jar:/opt/apps/maven/repository/org/apache/commons/commons-text/1.12.0/commons-text-1.12.0.jar:/opt/apps/maven/repository/org/apache/commons/commons-lang3/3.17.0/commons-lang3-3.17.0.jar:/opt/apps/maven/repository/net/datafaker/datafaker/2.4.2/datafaker-2.4.2.jar:/opt/apps/maven/repository/com/github/curious-odd-man/rgxgen/2.0/rgxgen-2.0.jar:/opt/apps/maven/repository/com/googlecode/libphonenumber/libphonenumber/8.13.50/libphonenumber-8.13.50.jar:/opt/apps/maven/repository/org/springframework/kafka/spring-kafka/3.3.5/spring-kafka-3.3.5.jar:/opt/apps/maven/repository/org/springframework/spring-context/6.2.6/spring-context-6.2.6.jar:/opt/apps/maven/repository/org/springframework/spring-messaging/6.2.6/spring-messaging-6.2.6.jar:/opt/apps/maven/repository/org/springframework/spring-tx/6.2.6/spring-tx-6.2.6.jar:/opt/apps/maven/repository/org/springframework/retry/spring-retry/2.0.11/spring-retry-2.0.11.jar:/opt/apps/maven/repository/org/apache/kafka/kafka-clients/3.8.1/kafka-clients-3.8.1.jar:/opt/apps/maven/repository/com/github/luben/zstd-jni/1.5.6-4/zstd-jni-1.5.6-4.jar:/opt/apps/maven/repository/org/lz4/lz4-java/1.8.0/lz4-java-1.8.0.jar:/opt/apps/maven/repository/org/xerial/snappy/snappy-java/1.1.10.5/snappy-java-1.1.10.5.jar:/opt/apps/maven/repository/io/micrometer/micrometer-observation/1.14.6/micrometer-observation-1.14.6.jar:/opt/apps/maven/repository/io/micrometer/micrometer-commons/1.14.6/micrometer-commons-1.14.6.jar:/opt/apps/maven/repository/com/querydsl/querydsl-jpa/5.1.0/querydsl-jpa-5.1.0-jakarta.jar:/opt/apps/maven/repository/com/querydsl/querydsl-core/5.1.0/querydsl-core-5.1.0.jar:/opt/apps/maven/repository/com/mysema/commons/mysema-commons-lang/0.2.4/mysema-commons-lang-0.2.4.jar:/opt/apps/maven/repository/jakarta/persistence/jakarta.persistence-api/3.1.0/jakarta.persistence-api-3.1.0.jar:/opt/apps/maven/repository/jakarta/annotation/jakarta.annotation-api/2.1.1/jakarta.annotation-api-2.1.1.jar:"/>
    <property name="sun.cpu.endian" value="little"/>
    <property name="user.home" value="/home/app"/>
    <property name="user.language" value="en"/>
    <property name="java.specification.vendor" value="Oracle Corporation"/>
    <property name="java.version.date" value="2025-04-15"/>
    <property name="java.home" value="/usr/local/jdk-24"/>
    <property name="file.separator" value="/"/>
    <property name="basedir" value="/opt/apps/app"/>
    <property name="java.vm.compressedOopsMode" value="32-bit"/>
    <property name="line.separator" value="&#10;"/>
    <property name="java.vm.specification.vendor" value="Oracle Corporation"/>
    <property name="java.specification.name" value="Java Platform API Specification"/>
    <property name="FILE_LOG_CHARSET" value="UTF-8"/>
    <property name="java.awt.headless" value="true"/>
    <property name="surefire.real.class.path" value="/opt/apps/app/target/surefire/surefirebooter-20250710192040946_3.jar"/>
    <property name="sun.management.compiler" value="HotSpot 64-Bit Tiered Compilers"/>
    <property name="java.runtime.version" value="24.0.1+9-30"/>
    <property name="user.name" value="app"/>
    <property name="stdout.encoding" value="ANSI_X3.4-1968"/>
    <property name="path.separator" value=":"/>
    <property name="os.version" value="6.10.14-linuxkit"/>
    <property name="java.runtime.name" value="Java(TM) SE Runtime Environment"/>
    <property name="file.encoding" value="UTF-8"/>
    <property name="java.vm.name" value="Java HotSpot(TM) 64-Bit Server VM"/>
    <property name="localRepository" value="/opt/apps/maven/repository"/>
    <property name="java.vendor.url.bug" value="https://bugreport.java.com/bugreport/"/>
    <property name="java.io.tmpdir" value="/tmp"/>
    <property name="com.zaxxer.hikari.pool_number" value="1"/>
    <property name="java.version" value="24.0.1"/>
    <property name="user.dir" value="/opt/apps/app"/>
    <property name="os.arch" value="amd64"/>
    <property name="java.vm.specification.name" value="Java Virtual Machine Specification"/>
    <property name="PID" value="18481"/>
    <property name="CONSOLE_LOG_CHARSET" value="UTF-8"/>
    <property name="native.encoding" value="ANSI_X3.4-1968"/>
    <property name="java.library.path" value="/usr/java/packages/lib:/usr/lib64:/lib64:/lib:/usr/lib"/>
    <property name="java.vm.info" value="mixed mode, sharing"/>
    <property name="stderr.encoding" value="ANSI_X3.4-1968"/>
    <property name="java.vendor" value="Oracle Corporation"/>
    <property name="java.vm.version" value="24.0.1+9-30"/>
    <property name="sun.io.unicode.encoding" value="UnicodeLittle"/>
    <property name="java.class.version" value="68.0"/>
    <property name="LOGGED_APPLICATION_NAME" value="[api] "/>
  </properties>
  <testcase name="contextLoads" classname="Golem.api.ApiApplicationTests" time="2.851">
    <system-out><![CDATA[19:20:45.714 [main] INFO  o.s.t.c.s.AnnotationConfigContextLoaderUtils - Could not detect default configuration classes for test class [Golem.api.ApiApplicationTests]: ApiApplicationTests does not declare any static, non-private, non-final, nested classes annotated with @Configuration.
19:20:46.390 [main] INFO  o.s.b.t.c.SpringBootTestContextBootstrapper - Found @SpringBootConfiguration Golem.api.ApiApplication for test class Golem.api.ApiApplicationTests
19:20:47.553 [main] INFO  o.s.b.d.r.RestartApplicationListener - Restart disabled due to context in which it is running

  .   ____          _            __ _ _
 /\\ / ___'_ __ _ _(_)_ __  __ _ \ \ \ \
( ( )\___ | '_ | '_| | '_ \/ _` | \ \ \ \
 \\/  ___)| |_)| | | | | || (_| |  ) ) ) )
  '  |____| .__|_| |_|_| |_\__, | / / / /
 =========|_|==============|___/=/_/_/_/

 :: Spring Boot ::                (v3.4.5)

19:20:49.351 [background-preinit] INFO  o.h.validator.internal.util.Version - HV000001: Hibernate Validator 8.0.2.Final
19:20:49.729 [main] INFO  Golem.api.ApiApplicationTests - Starting ApiApplicationTests using Java 24.0.1 with PID 18481 (started by app in /opt/apps/app)
19:20:49.730 [main] DEBUG Golem.api.ApiApplicationTests - Running with Spring Boot v3.4.5, Spring v6.2.6
19:20:49.732 [main] INFO  Golem.api.ApiApplicationTests - The following 1 profile is active: "dev"
19:20:53.797 [main] INFO  o.s.d.r.c.RepositoryConfigurationDelegate - Bootstrapping Spring Data JPA repositories in DEFAULT mode.
19:20:53.965 [main] INFO  o.s.d.r.c.RepositoryConfigurationDelegate - Finished Spring Data repository scanning in 108 ms. Found 0 JPA repository interfaces.
19:20:56.584 [main] INFO  com.zaxxer.hikari.HikariDataSource - HikariPool-1 - Starting...
19:20:58.112 [main] INFO  com.zaxxer.hikari.pool.HikariPool - HikariPool-1 - Added connection com.mysql.cj.jdbc.ConnectionImpl@1be52861
19:20:58.119 [main] INFO  com.zaxxer.hikari.HikariDataSource - HikariPool-1 - Start completed.
19:20:59.874 [main] INFO  liquibase.changelog - Reading resource: db/changelog/migrations/1_create_games_table.xml
19:20:59.969 [main] INFO  liquibase.changelog - Reading resource: db/changelog/migrations/2_create_covers_table.xml
19:21:00.037 [main] INFO  liquibase.changelog - Reading resource: db/changelog/migrations/3_create_studios_table.xml
19:21:00.085 [main] INFO  liquibase.changelog - Reading resource: db/changelog/migrations/4_create_tags_table.xml
19:21:00.978 [main] INFO  liquibase.changelog - Reading from app.DATABASECHANGELOG
19:21:01.309 [main] INFO  liquibase.ui - Database is up to date, no changesets to execute
19:21:01.323 [main] INFO  liquibase.changelog - Reading from app.DATABASECHANGELOG
19:21:01.364 [main] INFO  liquibase.util - UPDATE SUMMARY
19:21:01.364 [main] INFO  liquibase.util - Run:                          0
19:21:01.365 [main] INFO  liquibase.util - Previously run:               4
19:21:01.365 [main] INFO  liquibase.util - Filtered out:                 0
19:21:01.365 [main] INFO  liquibase.util - -------------------------------
19:21:01.365 [main] INFO  liquibase.util - Total change sets:            4
19:21:01.369 [main] INFO  liquibase.util - Update summary generated
19:21:01.372 [main] INFO  liquibase.command - Command execution complete
19:21:01.811 [main] INFO  o.h.jpa.internal.util.LogHelper - HHH000204: Processing PersistenceUnitInfo [name: default]
19:21:02.330 [main] INFO  org.hibernate.Version - HHH000412: Hibernate ORM core version 6.6.13.Final
19:21:02.624 [main] INFO  o.h.c.i.RegionFactoryInitiator - HHH000026: Second-level cache disabled
19:21:05.045 [main] INFO  o.s.o.j.p.SpringPersistenceUnitInfo - No LoadTimeWeaver setup: ignoring JPA class transformer
19:21:05.634 [main] INFO  o.hibernate.orm.connections.pooling - HHH10001005: Database info:
	Database JDBC URL [Connecting through datasource 'HikariDataSource (HikariPool-1)']
	Database driver: undefined/unknown
	Database version: 8.0.32
	Autocommit mode: undefined/unknown
	Isolation level: undefined/unknown
	Minimum pool size: undefined/unknown
	Maximum pool size: undefined/unknown
19:21:07.649 [main] INFO  o.h.e.t.j.p.i.JtaPlatformInitiator - HHH000489: No JTA platform available (set 'hibernate.transaction.jta.platform' to enable JTA platform integration)
19:21:07.681 [main] INFO  o.s.o.j.LocalContainerEntityManagerFactoryBean - Initialized JPA EntityManagerFactory for persistence unit 'default'
19:21:09.359 [pool-3-thread-1] INFO  discord4j.core.DiscordClientBuilder - Discord4J 3.2.8 (https://discord4j.com)
19:21:09.885 [main] INFO  Golem.api.ApiApplicationTests - Started ApiApplicationTests in 22.432 seconds (process running for 28.602)
]]></system-out>
    <system-err><![CDATA[Mockito is currently self-attaching to enable the inline-mock-maker. This will no longer work in future releases of the JDK. Please add Mockito as an agent to your build what is described in Mockito's documentation: https://javadoc.io/doc/org.mockito/mockito-core/latest/org/mockito/Mockito.html#0.3
WARNING: A Java agent has been loaded dynamically (/opt/apps/maven/repository/net/bytebuddy/byte-buddy-agent/1.15.11/byte-buddy-agent-1.15.11.jar)
WARNING: If a serviceability tool is in use, please run with -XX:+EnableDynamicAgentLoading to hide this warning
WARNING: If a serviceability tool is not in use, please run with -Djdk.instrument.traceUsage for more information
WARNING: Dynamic loading of agents will be disallowed by default in a future release
]]></system-err>
  </testcase>
</testsuite>